[    2022ms] [WARNING] motion() is deprecated. Use motion.create() instead. @ http://localhost:3000/_next/static/chunks/3444b_next_dist_f64338b2._.js:2297
[   14597ms] [ERROR] [VoiceGuide] Error: SpeechSynthesisErrorEvent @ http://localhost:3000/_next/static/chunks/3444b_next_dist_f64338b2._.js:3127
[   55823ms] [ERROR] WebSocket connection to 'ws://localhost:3000/_next/webpack-hmr?id=1bdw3PvLktLvOCTpBqDZc' failed: Error in connection establishment: net::ERR_CONNECTION_REFUSED @ http://localhost:3000/_next/static/chunks/3444b_next_dist_client_4872860d._.js:10878
[   64380ms] [WARNING] motion() is deprecated. Use motion.create() instead. @ http://localhost:3000/_next/static/chunks/3444b_next_dist_f64338b2._.js:2297
[  151243ms] [ERROR] WebSocket connection to 'ws://localhost:3000/_next/webpack-hmr?id=BQIWZk42nr2K8ZLIxPEVx' failed: Error in connection establishment: net::ERR_CONNECTION_REFUSED @ http://localhost:3000/_next/static/chunks/3444b_next_dist_client_4872860d._.js:10878
[  154576ms] [ERROR] WebSocket connection to 'ws://localhost:3000/_next/webpack-hmr?id=BQIWZk42nr2K8ZLIxPEVx' failed: Error in connection establishment: net::ERR_CONNECTION_REFUSED @ http://localhost:3000/_next/static/chunks/3444b_next_dist_client_4872860d._.js:10878
[  157927ms] [ERROR] WebSocket connection to 'ws://localhost:3000/_next/webpack-hmr?id=BQIWZk42nr2K8ZLIxPEVx' failed: Error in connection establishment: net::ERR_CONNECTION_REFUSED @ http://localhost:3000/_next/static/chunks/3444b_next_dist_client_4872860d._.js:10878
[  161286ms] [ERROR] WebSocket connection to 'ws://localhost:3000/_next/webpack-hmr?id=BQIWZk42nr2K8ZLIxPEVx' failed: Error in connection establishment: net::ERR_CONNECTION_REFUSED @ http://localhost:3000/_next/static/chunks/3444b_next_dist_client_4872860d._.js:10878
[  164641ms] [ERROR] WebSocket connection to 'ws://localhost:3000/_next/webpack-hmr?id=BQIWZk42nr2K8ZLIxPEVx' failed: Error in connection establishment: net::ERR_CONNECTION_REFUSED @ http://localhost:3000/_next/static/chunks/3444b_next_dist_client_4872860d._.js:10878
[  172006ms] [ERROR] WebSocket connection to 'ws://localhost:3000/_next/webpack-hmr?id=BQIWZk42nr2K8ZLIxPEVx' failed: Error in connection establishment: net::ERR_CONNECTION_REFUSED @ http://localhost:3000/_next/static/chunks/3444b_next_dist_client_4872860d._.js:10878
[  178660ms] [WARNING] motion() is deprecated. Use motion.create() instead. @ http://localhost:3000/_next/static/chunks/3444b_next_dist_f64338b2._.js:2297
[  423371ms] [ERROR] WebSocket connection to 'ws://localhost:3000/_next/webpack-hmr?id=bLGh2t2ch59ekQxFK1N1M' failed: Error in connection establishment: net::ERR_CONNECTION_REFUSED @ http://localhost:3000/_next/static/chunks/3444b_next_dist_client_4872860d._.js:10878
[  426699ms] [ERROR] WebSocket connection to 'ws://localhost:3000/_next/webpack-hmr?id=bLGh2t2ch59ekQxFK1N1M' failed: Error in connection establishment: net::ERR_CONNECTION_REFUSED @ http://localhost:3000/_next/static/chunks/3444b_next_dist_client_4872860d._.js:10878
[  430059ms] [ERROR] WebSocket connection to 'ws://localhost:3000/_next/webpack-hmr?id=bLGh2t2ch59ekQxFK1N1M' failed: Error in connection establishment: net::ERR_CONNECTION_REFUSED @ http://localhost:3000/_next/static/chunks/3444b_next_dist_client_4872860d._.js:10878
[  433395ms] [ERROR] WebSocket connection to 'ws://localhost:3000/_next/webpack-hmr?id=bLGh2t2ch59ekQxFK1N1M' failed: Error in connection establishment: net::ERR_CONNECTION_REFUSED @ http://localhost:3000/_next/static/chunks/3444b_next_dist_client_4872860d._.js:10878
[  436773ms] [ERROR] WebSocket connection to 'ws://localhost:3000/_next/webpack-hmr?id=bLGh2t2ch59ekQxFK1N1M' failed: Error in connection establishment: net::ERR_CONNECTION_REFUSED @ http://localhost:3000/_next/static/chunks/3444b_next_dist_client_4872860d._.js:10878
[  444139ms] [ERROR] WebSocket connection to 'ws://localhost:3000/_next/webpack-hmr?id=bLGh2t2ch59ekQxFK1N1M' failed: Error in connection establishment: net::ERR_CONNECTION_REFUSED @ http://localhost:3000/_next/static/chunks/3444b_next_dist_client_4872860d._.js:10878
[  451493ms] [ERROR] WebSocket connection to 'ws://localhost:3000/_next/webpack-hmr?id=bLGh2t2ch59ekQxFK1N1M' failed: Error in connection establishment: net::ERR_CONNECTION_REFUSED @ http://localhost:3000/_next/static/chunks/3444b_next_dist_client_4872860d._.js:10878
[  458864ms] [ERROR] WebSocket connection to 'ws://localhost:3000/_next/webpack-hmr?id=bLGh2t2ch59ekQxFK1N1M' failed: Error in connection establishment: net::ERR_CONNECTION_REFUSED @ http://localhost:3000/_next/static/chunks/3444b_next_dist_client_4872860d._.js:10878
[  466250ms] [ERROR] WebSocket connection to 'ws://localhost:3000/_next/webpack-hmr?id=bLGh2t2ch59ekQxFK1N1M' failed: Error in connection establishment: net::ERR_CONNECTION_REFUSED @ http://localhost:3000/_next/static/chunks/3444b_next_dist_client_4872860d._.js:10878
[  473639ms] [ERROR] WebSocket connection to 'ws://localhost:3000/_next/webpack-hmr?id=bLGh2t2ch59ekQxFK1N1M' failed: Error in connection establishment: net::ERR_CONNECTION_REFUSED @ http://localhost:3000/_next/static/chunks/3444b_next_dist_client_4872860d._.js:10878
[  481059ms] [ERROR] WebSocket connection to 'ws://localhost:3000/_next/webpack-hmr?id=bLGh2t2ch59ekQxFK1N1M' failed: Error in connection establishment: net::ERR_CONNECTION_REFUSED @ http://localhost:3000/_next/static/chunks/3444b_next_dist_client_4872860d._.js:10878
[  488591ms] [ERROR] WebSocket connection to 'ws://localhost:3000/_next/webpack-hmr?id=bLGh2t2ch59ekQxFK1N1M' failed: Error in connection establishment: net::ERR_CONNECTION_REFUSED @ http://localhost:3000/_next/static/chunks/3444b_next_dist_client_4872860d._.js:10878
[  595400ms] [WARNING] motion() is deprecated. Use motion.create() instead. @ http://localhost:3000/_next/static/chunks/3444b_next_dist_f64338b2._.js:2297
